Unity Editor version:    2020.3.25f1 (9b9180224418)
Branch:                  2020.3/staging
Build type:              Release
Batch mode:              YES
macOS version:           Version 12.1 (Build 21C52)
Darwin version:          21.2.0
Architecture:            x86_64
Running under Rosetta:   YES
Available memory:        16384 MB
Using pre-set license
Pro License: NO

COMMAND LINE ARGUMENTS:
/Applications/Unity/Hub/Editor/2020.3.25f1/Unity.app/Contents/MacOS/Unity
-adb2
-batchMode
-noUpm
-name
AssetImportWorker0
-projectPath
/Users/katie/Projects/unity/noxp
-logFile
Logs/AssetImportWorker0.log
-srvPort
57350
Successfully changed project path to: /Users/katie/Projects/unity/noxp
/Users/katie/Projects/unity/noxp
Using Asset Import Pipeline V2.
Refreshing native plugins compatible for Editor in 40.05 ms, found 2 plugins.
Preloading 0 native plugins for Editor in 0.00 ms.
Initialize engine version: 2020.3.25f1 (9b9180224418)
[Subsystems] Discovering subsystems at path /Applications/Unity/Hub/Editor/2020.3.25f1/Unity.app/Contents/Resources/UnitySubsystems
[Subsystems] Discovering subsystems at path /Users/katie/Projects/unity/noxp/Assets
GfxDevice: creating device client; threaded=0
2022-01-28 14:05:15.993 Unity[49264:5510032] (null) preferred device: Apple M1 (high power)
2022-01-28 14:05:15.993 Unity[49264:5510032] Metal devices available: 1
2022-01-28 14:05:15.993 Unity[49264:5510032] 0: Apple M1 (high power)
2022-01-28 14:05:15.993 Unity[49264:5510032] Using device Apple M1 (high power)
Initializing Metal device caps: Apple M1
Initialize mono
Mono path[0] = '/Applications/Unity/Hub/Editor/2020.3.25f1/Unity.app/Contents/Managed'
Mono path[1] = '/Applications/Unity/Hub/Editor/2020.3.25f1/Unity.app/Contents/MonoBleedingEdge/lib/mono/unityjit'
Mono config path = '/Applications/Unity/Hub/Editor/2020.3.25f1/Unity.app/Contents/MonoBleedingEdge/etc'
Using monoOptions --debugger-agent=transport=dt_socket,embedding=1,server=y,suspend=n,address=127.0.0.1:56264
Begin MonoManager ReloadAssembly
Registering precompiled unity dll's ...
Register platform support module: /Applications/Unity/Hub/Editor/2020.3.25f1/Unity.app/Contents/PlaybackEngines/MacStandaloneSupport/UnityEditor.OSXStandalone.Extensions.dll
Registered in 0.001190 seconds.
Native extension for OSXStandalone target not found
Refreshing native plugins compatible for Editor in 32.79 ms, found 2 plugins.
Preloading 0 native plugins for Editor in 0.00 ms.
Mono: successfully reloaded assembly
- Completed reload, in  1.335 seconds
Domain Reload Profiling:
	ReloadAssembly (1336ms)
		BeginReloadAssembly (86ms)
			ExecutionOrderSort (0ms)
			DisableScriptedObjects (0ms)
			BackupInstance (0ms)
			ReleaseScriptingObjects (0ms)
			CreateAndSetChildDomain (3ms)
		EndReloadAssembly (1125ms)
			LoadAssemblies (83ms)
			RebuildTransferFunctionScriptingTraits (0ms)
			SetupTypeCache (193ms)
			ReleaseScriptCaches (0ms)
			RebuildScriptCaches (44ms)
			SetupLoadedEditorAssemblies (580ms)
				LogAssemblyErrors (0ms)
				InitializePlatformSupportModulesInManaged (11ms)
				SetLoadedEditorAssemblies (1ms)
				RefreshPlugins (33ms)
				BeforeProcessingInitializeOnLoad (87ms)
				ProcessInitializeOnLoadAttributes (330ms)
				ProcessInitializeOnLoadMethodAttributes (117ms)
				AfterProcessingInitializeOnLoad (0ms)
				EditorAssembliesLoaded (1ms)
			ExecutionOrderSort2 (0ms)
			AwakeInstancesAfterBackupRestoration (0ms)
Platform modules already initialized, skipping
Registering precompiled user dll's ...
Registered in 0.004685 seconds.
Begin MonoManager ReloadAssembly
Native extension for OSXStandalone target not found
Refreshing native plugins compatible for Editor in 0.38 ms, found 2 plugins.
Preloading 0 native plugins for Editor in 0.00 ms.
Mono: successfully reloaded assembly
- Completed reload, in  2.273 seconds
Domain Reload Profiling:
	ReloadAssembly (2275ms)
		BeginReloadAssembly (257ms)
			ExecutionOrderSort (0ms)
			DisableScriptedObjects (33ms)
			BackupInstance (0ms)
			ReleaseScriptingObjects (0ms)
			CreateAndSetChildDomain (37ms)
		EndReloadAssembly (1921ms)
			LoadAssemblies (195ms)
			RebuildTransferFunctionScriptingTraits (0ms)
			SetupTypeCache (339ms)
			ReleaseScriptCaches (1ms)
			RebuildScriptCaches (55ms)
			SetupLoadedEditorAssemblies (1050ms)
				LogAssemblyErrors (0ms)
				InitializePlatformSupportModulesInManaged (15ms)
				SetLoadedEditorAssemblies (1ms)
				RefreshPlugins (0ms)
				BeforeProcessingInitializeOnLoad (203ms)
				ProcessInitializeOnLoadAttributes (798ms)
				ProcessInitializeOnLoadMethodAttributes (31ms)
				AfterProcessingInitializeOnLoad (1ms)
				EditorAssembliesLoaded (0ms)
			ExecutionOrderSort2 (0ms)
			AwakeInstancesAfterBackupRestoration (37ms)
Platform modules already initialized, skipping
Validating Project structure ... 0.000914 seconds.
Shader import version has changed; will reimport all shaders...
Upgrading shader files ...0.010936 seconds.
Application.AssetDatabase Initial Script Refresh Start
RefreshInfo: InitialScriptRefreshV2(NoUpdateAssetOptions) scanfilter:  ... 1 filters
RefreshProfiler: Total: 0.000ms
Application.AssetDatabase Initial Script Refresh End
Application.AssetDatabase.Refresh Start
Application.AssetDatabase.Refresh End
RefreshInfo: StopAssetImportingV2(ForceSynchronousImport) scanfilter: 
RefreshProfiler: Total: 0.000ms
Launching external process: /Applications/Unity/Hub/Editor/2020.3.25f1/Unity.app/Contents/Tools/UnityShaderCompiler
Launched and connected shader compiler UnityShaderCompiler after 0.02 seconds
Initializing Unity extensions:
2022-01-28 14:05:21.018 Unity[49264:5510032] NSEventModifierFlagFunction specified to -setKeyEquivalentModifierMask: for item <NSMenuItem: 0x6000022da760 Font Asset, ke='Command-F12'>, but is only supported for system-provided menu items; will not be used
2022-01-28 14:05:21.021 Unity[49264:5510032] NSEventModifierFlagFunction specified to -setKeyEquivalentModifierMask: for item <NSMenuItem: 0x6000022ab3a0 Font Asset, ke='Command-F12'>, but is only supported for system-provided menu items; will not be used
========================================================================
Worker process is ready to serve import requests
Refreshing native plugins compatible for Editor in 0.33 ms, found 2 plugins.
Preloading 0 native plugins for Editor in 0.00 ms.
Unloading 1547 Unused Serialized files (Serialized files now loaded: 0)
System memory in use before: 163.4 MB.
System memory in use after: 162.6 MB.

Unloading 112 unused Assets to reduce memory usage. Loaded Objects now: 2018.
Total: 2.757000 ms (FindLiveObjects: 0.084791 ms CreateObjectMapping: 0.031334 ms MarkObjects: 2.177333 ms  DeleteObjects: 0.462750 ms)

AssetImportParameters requested are different than current active one (requested -> active):
  custom:video-decoder-ogg-theora: a1e56fd34408186e4bbccfd4996cb3dc -> 
  custom:container-muxer-webm: aa71ff27fc2769a1b78a27578f13a17b -> 
  custom:container-demuxer-webm: 4f35f7cbe854078d1ac9338744f61a02 -> 
  custom:container-demuxer-ogg: 62fdf1f143b41e24485cea50d1cbac27 -> 
  custom:video-encoder-webm-vp8: eb34c28f22e8b96e1ab97ce403110664 -> 
  custom:framework-osx-AVFoundation: e770b220cccbd017edd2c1fefb359320 -> 
  custom:video-decoder-webm-vp8: 9c59270c3fd7afecdb556c50c9e8de78 -> 
  custom:audio-decoder-ogg-vorbis: bf7c407c2cedff20999df2af8eb42d56 -> 
  custom:audio-encoder-webm-vorbis: bf7c407c2cedff20999df2af8eb42d56 -> 
========================================================================
Received Import Request.
  path: Assets/EnemyMaterial.mat
  artifactKey: Guid(34a2ce92676f5fe4a92f313c92ae469c) Importer(815301076,1909f56bfc062723c751e8b465ee728b)
Start importing Assets/EnemyMaterial.mat using Guid(34a2ce92676f5fe4a92f313c92ae469c) Importer(815301076,1909f56bfc062723c751e8b465ee728b)  -> (artifact id: '02cc24d666564ba8df958854a1f676e3') in 0.715422 seconds 
  Import took 0.719405 seconds .

========================================================================
Received Import Request.
  Time since last request: 0.000320 seconds.
  path: Assets/369528__johandeecke__short-gunshot.wav
  artifactKey: Guid(814fada8f46ea12408365cdcb8168f7c) Importer(815301076,1909f56bfc062723c751e8b465ee728b)
Start importing Assets/369528__johandeecke__short-gunshot.wav using Guid(814fada8f46ea12408365cdcb8168f7c) Importer(815301076,1909f56bfc062723c751e8b465ee728b)  -> (artifact id: '9a1b14a55f88e57dcdf42326655731b7') in 0.777888 seconds 
  Import took 0.782267 seconds .

========================================================================
Received Import Request.
  Time since last request: 0.000218 seconds.
  path: Assets/ParticleMaterial.mat
  artifactKey: Guid(6061b0576a223fa4ab1defe2e845216c) Importer(815301076,1909f56bfc062723c751e8b465ee728b)
Start importing Assets/ParticleMaterial.mat using Guid(6061b0576a223fa4ab1defe2e845216c) Importer(815301076,1909f56bfc062723c751e8b465ee728b)  -> (artifact id: '4c470ce1f136165b547ab11201a670e2') in 0.146027 seconds 
  Import took 0.148057 seconds .

========================================================================
Received Import Request.
  Time since last request: 0.000522 seconds.
  path: Assets/Level Generator.prefab
  artifactKey: Guid(d82e5e151ddb8d7438557bd2b64b0edc) Importer(815301076,1909f56bfc062723c751e8b465ee728b)
Start importing Assets/Level Generator.prefab using Guid(d82e5e151ddb8d7438557bd2b64b0edc) Importer(815301076,1909f56bfc062723c751e8b465ee728b)  -> (artifact id: 'dc1f4e2d476a2f89903c5ff7b3fcb1b9') in 0.238070 seconds 
  Import took 0.243490 seconds .

========================================================================
Received Import Request.
  Time since last request: 0.000237 seconds.
  path: Assets/Ammo Pickup.prefab
  artifactKey: Guid(4862298e6390730468ad217dd5ff9391) Importer(815301076,1909f56bfc062723c751e8b465ee728b)
Start importing Assets/Ammo Pickup.prefab using Guid(4862298e6390730468ad217dd5ff9391) Importer(815301076,1909f56bfc062723c751e8b465ee728b)  -> (artifact id: '21bd5738331711874836c7532321015d') in 0.040218 seconds 
  Import took 0.042190 seconds .

========================================================================
Received Import Request.
  Time since last request: 0.000265 seconds.
  path: Assets/155790__deleted-user-1941307__shipboard-railgun.mp3
  artifactKey: Guid(0ca60a8159e05ae4b95e5f81d69fc3d1) Importer(815301076,1909f56bfc062723c751e8b465ee728b)
Start importing Assets/155790__deleted-user-1941307__shipboard-railgun.mp3 using Guid(0ca60a8159e05ae4b95e5f81d69fc3d1) Importer(815301076,1909f56bfc062723c751e8b465ee728b)  -> (artifact id: '218bb19f9791e39e8cee53277266571c') in 0.558932 seconds 
  Import took 0.563353 seconds .

========================================================================
Received Import Request.
  Time since last request: 0.000240 seconds.
  path: Assets/Enemy Spawner.prefab
  artifactKey: Guid(99c50b7a5f1d4124aa5985f6aa7ea2b4) Importer(815301076,1909f56bfc062723c751e8b465ee728b)
Start importing Assets/Enemy Spawner.prefab using Guid(99c50b7a5f1d4124aa5985f6aa7ea2b4) Importer(815301076,1909f56bfc062723c751e8b465ee728b)  -> (artifact id: 'c4f25599673b202b386b003a1d676eb1') in 0.009259 seconds 
  Import took 0.011196 seconds .

========================================================================
Received Import Request.
  Time since last request: 0.000206 seconds.
  path: Assets/Soft dot.png
  artifactKey: Guid(d97aebfac7a7c034e98d3eb5a58564dd) Importer(815301076,1909f56bfc062723c751e8b465ee728b)
Start importing Assets/Soft dot.png using Guid(d97aebfac7a7c034e98d3eb5a58564dd) Importer(815301076,1909f56bfc062723c751e8b465ee728b)  -> (artifact id: '2be8e412a3b9f5164b209a6b5202bc97') in 0.524545 seconds 
  Import took 0.530677 seconds .

========================================================================
Received Import Request.
  Time since last request: 0.000284 seconds.
  path: Assets/207322__animationisaac__short-explosion.wav
  artifactKey: Guid(8d295e6ffaf4b1941b664c889e55c7ef) Importer(815301076,1909f56bfc062723c751e8b465ee728b)
Start importing Assets/207322__animationisaac__short-explosion.wav using Guid(8d295e6ffaf4b1941b664c889e55c7ef) Importer(815301076,1909f56bfc062723c751e8b465ee728b)  -> (artifact id: '1c75c1508728402257e5b61ecbe83509') in 0.013157 seconds 
  Import took 0.015464 seconds .

========================================================================
Received Import Request.
  Time since last request: 0.002285 seconds.
  path: Assets/alarm empty.png
  artifactKey: Guid(ac6d7057735cef743b9ae31da2bfb9bc) Importer(815301076,1909f56bfc062723c751e8b465ee728b)
Start importing Assets/alarm empty.png using Guid(ac6d7057735cef743b9ae31da2bfb9bc) Importer(815301076,1909f56bfc062723c751e8b465ee728b)  -> (artifact id: '2c24f0d824bb1ff99d9e0aa2604cfd2c') in 0.021106 seconds 
  Import took 0.023674 seconds .

========================================================================
Received Import Request.
  Time since last request: 0.000320 seconds.
  path: Assets/Button.prefab
  artifactKey: Guid(2d852fb67489b314dbf5c415baf6378a) Importer(815301076,1909f56bfc062723c751e8b465ee728b)
Start importing Assets/Button.prefab using Guid(2d852fb67489b314dbf5c415baf6378a) Importer(815301076,1909f56bfc062723c751e8b465ee728b)  -> (artifact id: 'a44cb6a35b9fe513af9c8a12191e17da') in 0.017205 seconds 
  Import took 0.019376 seconds .

========================================================================
Received Import Request.
  Time since last request: 0.000311 seconds.
  path: Assets/Explosion.prefab
  artifactKey: Guid(788d3777c7284ca4ca2c47431df69368) Importer(815301076,1909f56bfc062723c751e8b465ee728b)
Start importing Assets/Explosion.prefab using Guid(788d3777c7284ca4ca2c47431df69368) Importer(815301076,1909f56bfc062723c751e8b465ee728b)  -> (artifact id: '3bf3875af3cefea9c6cf436cbf1b6693') in 0.014058 seconds 
  Import took 0.016188 seconds .

========================================================================
Received Import Request.
  Time since last request: 0.000203 seconds.
  path: Assets/GoldMaterial.mat
  artifactKey: Guid(90f5018ddc802894297dc90cfe174bf4) Importer(815301076,1909f56bfc062723c751e8b465ee728b)
Start importing Assets/GoldMaterial.mat using Guid(90f5018ddc802894297dc90cfe174bf4) Importer(815301076,1909f56bfc062723c751e8b465ee728b)  -> (artifact id: 'efcd260eafcce6975868908bec8f2532') in 0.304869 seconds 
  Import took 0.306649 seconds .

========================================================================
Received Import Request.
  Time since last request: 0.000230 seconds.
  path: Assets/Health Pickup Material.mat
  artifactKey: Guid(bbd2ab9634943fe4ca5a49097aba410b) Importer(815301076,1909f56bfc062723c751e8b465ee728b)
Start importing Assets/Health Pickup Material.mat using Guid(bbd2ab9634943fe4ca5a49097aba410b) Importer(815301076,1909f56bfc062723c751e8b465ee728b)  -> (artifact id: '692da2a7ef4840530b385359d505ea60') in 0.006473 seconds 
  Import took 0.008323 seconds .

========================================================================
Received Import Request.
  Time since last request: 0.000284 seconds.
  path: Assets/Plinth.prefab
  artifactKey: Guid(769fdc6cf2b991f4581d52079d1f10f7) Importer(815301076,1909f56bfc062723c751e8b465ee728b)
Start importing Assets/Plinth.prefab using Guid(769fdc6cf2b991f4581d52079d1f10f7) Importer(815301076,1909f56bfc062723c751e8b465ee728b)  -> (artifact id: '6c35d75a6497475865bae2d3827b0ec6') in 0.018671 seconds 
  Import took 0.021075 seconds .

========================================================================
Received Import Request.
  Time since last request: 0.000196 seconds.
  path: Assets/Alert Pip.prefab
  artifactKey: Guid(af012bef0012f804d8de9854dad84637) Importer(815301076,1909f56bfc062723c751e8b465ee728b)
Start importing Assets/Alert Pip.prefab using Guid(af012bef0012f804d8de9854dad84637) Importer(815301076,1909f56bfc062723c751e8b465ee728b)  -> (artifact id: '27e74081b1cbbcc7dc2dd48778af5a04') in 0.002753 seconds 
  Import took 0.004864 seconds .

========================================================================
Received Import Request.
  Time since last request: 0.000250 seconds.
  path: Assets/Weapon Panel.prefab
  artifactKey: Guid(9dc6de342953cf5468c68a95c7f4236e) Importer(815301076,1909f56bfc062723c751e8b465ee728b)
Start importing Assets/Weapon Panel.prefab using Guid(9dc6de342953cf5468c68a95c7f4236e) Importer(815301076,1909f56bfc062723c751e8b465ee728b)  -> (artifact id: '823f1937f6aa682d1d2c086f1926e8de') in 0.013414 seconds 
  Import took 0.015401 seconds .

========================================================================
Received Import Request.
  Time since last request: 0.000290 seconds.
  path: Assets/ToughSwarmerMaterial.mat
  artifactKey: Guid(cab2a939ecf2f9049b63b70712220b8c) Importer(815301076,1909f56bfc062723c751e8b465ee728b)
Start importing Assets/ToughSwarmerMaterial.mat using Guid(cab2a939ecf2f9049b63b70712220b8c) Importer(815301076,1909f56bfc062723c751e8b465ee728b)  -> (artifact id: '7f1f650b176ab1610408941efe1c1208') in 0.006680 seconds 
  Import took 0.008563 seconds .

========================================================================
Received Import Request.
  Time since last request: 0.000231 seconds.
  path: Assets/Obstacle Material.mat
  artifactKey: Guid(5fb1bca8351927c41b13e93e861dfc7c) Importer(815301076,1909f56bfc062723c751e8b465ee728b)
Start importing Assets/Obstacle Material.mat using Guid(5fb1bca8351927c41b13e93e861dfc7c) Importer(815301076,1909f56bfc062723c751e8b465ee728b)  -> (artifact id: '90b50eb93502f2be0ba380d3df963002') in 0.009483 seconds 
  Import took 0.011667 seconds .

========================================================================
Received Import Request.
  Time since last request: 0.000270 seconds.
  path: Assets/Health Bar.prefab
  artifactKey: Guid(dce711b54d057194795504c86bd42ce2) Importer(815301076,1909f56bfc062723c751e8b465ee728b)
Start importing Assets/Health Bar.prefab using Guid(dce711b54d057194795504c86bd42ce2) Importer(815301076,1909f56bfc062723c751e8b465ee728b)  -> (artifact id: 'cface593a92f0811b065fb98192af495') in 0.002545 seconds 
  Import took 0.004531 seconds .

========================================================================
Received Import Request.
  Time since last request: 0.000208 seconds.
  path: Assets/Level Manager.prefab
  artifactKey: Guid(f3fc41d0508c66a4ead44aa13422e7ae) Importer(815301076,1909f56bfc062723c751e8b465ee728b)
Start importing Assets/Level Manager.prefab using Guid(f3fc41d0508c66a4ead44aa13422e7ae) Importer(815301076,1909f56bfc062723c751e8b465ee728b)  -> (artifact id: 'cd531255191ea7dac53c7dccad06bcb1') in 0.002781 seconds 
  Import took 0.004473 seconds .

========================================================================
Received Import Request.
  Time since last request: 0.000210 seconds.
  path: Assets/Canvas.prefab
  artifactKey: Guid(b079c653384ae8846acac7d5d7688964) Importer(815301076,1909f56bfc062723c751e8b465ee728b)
Start importing Assets/Canvas.prefab using Guid(b079c653384ae8846acac7d5d7688964) Importer(815301076,1909f56bfc062723c751e8b465ee728b)  -> (artifact id: '144c645d2fe4cf0bae5f92d110660f8b') in 0.018962 seconds 
  Import took 0.021154 seconds .

========================================================================
Received Import Request.
  Time since last request: 0.000303 seconds.
  path: Assets/Beam Material.mat
  artifactKey: Guid(95297519eaf40e547a8eb0931058f3be) Importer(815301076,1909f56bfc062723c751e8b465ee728b)
Start importing Assets/Beam Material.mat using Guid(95297519eaf40e547a8eb0931058f3be) Importer(815301076,1909f56bfc062723c751e8b465ee728b)  -> (artifact id: '7e4c2bac7cd783929ae4e25fe839d67e') in 0.006583 seconds 
  Import took 0.008680 seconds .

========================================================================
Received Import Request.
  Time since last request: 0.001028 seconds.
  path: Assets/BigDeathEffect Variant.prefab
  artifactKey: Guid(d381efc8eec6b44448f2d85baaa8e38a) Importer(815301076,1909f56bfc062723c751e8b465ee728b)
Start importing Assets/BigDeathEffect Variant.prefab using Guid(d381efc8eec6b44448f2d85baaa8e38a) Importer(815301076,1909f56bfc062723c751e8b465ee728b)  -> (artifact id: 'c973215e3fbbcf67e1a94c130749d9e6') in 0.008772 seconds 
  Import took 0.011530 seconds .

========================================================================
Received Import Request.
  Time since last request: 0.000251 seconds.
  path: Assets/PlinthMaterial.mat
  artifactKey: Guid(32078b2b055fde84689ce46b521953a0) Importer(815301076,1909f56bfc062723c751e8b465ee728b)
Start importing Assets/PlinthMaterial.mat using Guid(32078b2b055fde84689ce46b521953a0) Importer(815301076,1909f56bfc062723c751e8b465ee728b)  -> (artifact id: '2b7e911e2925eabaf8913607a06ef784') in 0.006705 seconds 
  Import took 0.008706 seconds .

========================================================================
Received Import Request.
  Time since last request: 0.000235 seconds.
  path: Assets/GroundMaterial.mat
  artifactKey: Guid(fb2756c14fbf71042a4feb36a811eeaa) Importer(815301076,1909f56bfc062723c751e8b465ee728b)
Start importing Assets/GroundMaterial.mat using Guid(fb2756c14fbf71042a4feb36a811eeaa) Importer(815301076,1909f56bfc062723c751e8b465ee728b)  -> (artifact id: '0617b2d688d1d0fb50f859c223463ad6') in 0.007105 seconds 
  Import took 0.008926 seconds .

========================================================================
Received Import Request.
  Time since last request: 0.000216 seconds.
  path: Assets/Starting Position.prefab
  artifactKey: Guid(7213fdb10eabe534d8c424c30d976aaf) Importer(815301076,1909f56bfc062723c751e8b465ee728b)
Start importing Assets/Starting Position.prefab using Guid(7213fdb10eabe534d8c424c30d976aaf) Importer(815301076,1909f56bfc062723c751e8b465ee728b)  -> (artifact id: '3d9f5bb7010374a313f12ba6190db8b9') in 0.005941 seconds 
  Import took 0.007770 seconds .

========================================================================
Received Import Request.
  Time since last request: 0.000210 seconds.
  path: Assets/ExplosionSound.prefab
  artifactKey: Guid(ca0ee4d1eb111d04485f54fb0de0db53) Importer(815301076,1909f56bfc062723c751e8b465ee728b)
Start importing Assets/ExplosionSound.prefab using Guid(ca0ee4d1eb111d04485f54fb0de0db53) Importer(815301076,1909f56bfc062723c751e8b465ee728b)  -> (artifact id: '62648889a1627a5d22a05f4ba2e0ba01') in 0.002462 seconds 
  Import took 0.004200 seconds .

========================================================================
Received Import Request.
  Time since last request: 0.000217 seconds.
  path: Assets/427595__michorvath__20-gauge-shotgun-gunshot.wav
  artifactKey: Guid(ef11b56a856a57f4198bf8f2b44b204d) Importer(815301076,1909f56bfc062723c751e8b465ee728b)
Start importing Assets/427595__michorvath__20-gauge-shotgun-gunshot.wav using Guid(ef11b56a856a57f4198bf8f2b44b204d) Importer(815301076,1909f56bfc062723c751e8b465ee728b)  -> (artifact id: 'd4a68ca46c23605aad5ecf6fb8dd131f') in 0.005559 seconds 
  Import took 0.007389 seconds .

========================================================================
Received Import Request.
  Time since last request: 0.000282 seconds.
  path: Assets/Rifle Bullet.prefab
  artifactKey: Guid(f44f9f5104a34164dbdbae13c54b61bc) Importer(815301076,1909f56bfc062723c751e8b465ee728b)
Start importing Assets/Rifle Bullet.prefab using Guid(f44f9f5104a34164dbdbae13c54b61bc) Importer(815301076,1909f56bfc062723c751e8b465ee728b)  -> (artifact id: 'bd030b68635c5e96e0d849ff3d8d9bb9') in 0.010641 seconds 
  Import took 0.012757 seconds .

========================================================================
Received Import Request.
  Time since last request: 0.000243 seconds.
  path: Assets/FastSwarmerMaterial.mat
  artifactKey: Guid(223a82f736f94734ab8fe0a305efab70) Importer(815301076,1909f56bfc062723c751e8b465ee728b)
Start importing Assets/FastSwarmerMaterial.mat using Guid(223a82f736f94734ab8fe0a305efab70) Importer(815301076,1909f56bfc062723c751e8b465ee728b)  -> (artifact id: '1e9102a7f765580307d1c7553f2de3b8') in 0.006257 seconds 
  Import took 0.008074 seconds .

========================================================================
Received Import Request.
  Time since last request: 0.000221 seconds.
  path: Assets/Health Pickup Material 1.mat
  artifactKey: Guid(d69aa9c47cbac4b4b84cf79c30e58915) Importer(815301076,1909f56bfc062723c751e8b465ee728b)
Start importing Assets/Health Pickup Material 1.mat using Guid(d69aa9c47cbac4b4b84cf79c30e58915) Importer(815301076,1909f56bfc062723c751e8b465ee728b)  -> (artifact id: '9338d24b6bbccfe6afc0432003461d0d') in 0.006062 seconds 
  Import took 0.007979 seconds .

========================================================================
Received Import Request.
  Time since last request: 0.000221 seconds.
  path: Assets/ShotgunMaterial.mat
  artifactKey: Guid(8087408c959f0794b8265fd6afa922e5) Importer(815301076,1909f56bfc062723c751e8b465ee728b)
Start importing Assets/ShotgunMaterial.mat using Guid(8087408c959f0794b8265fd6afa922e5) Importer(815301076,1909f56bfc062723c751e8b465ee728b)  -> (artifact id: 'ca2ddd0c303c93cb657290b891a1c763') in 0.007802 seconds 
  Import took 0.009848 seconds .

========================================================================
Received Import Request.
  Time since last request: 0.000211 seconds.
  path: Assets/Antiques.prefab
  artifactKey: Guid(7c67b041711ab3e4785ea14f79fd38b0) Importer(815301076,1909f56bfc062723c751e8b465ee728b)
Start importing Assets/Antiques.prefab using Guid(7c67b041711ab3e4785ea14f79fd38b0) Importer(815301076,1909f56bfc062723c751e8b465ee728b)  -> (artifact id: 'd94deae3f72f3f32e562293b935ffa03') in 0.006555 seconds 
  Import took 0.008509 seconds .

========================================================================
Received Import Request.
  Time since last request: 0.000295 seconds.
  path: Assets/DeathEffect.prefab
  artifactKey: Guid(5f0738318708c0f4e87be0f977e80be4) Importer(815301076,1909f56bfc062723c751e8b465ee728b)
Start importing Assets/DeathEffect.prefab using Guid(5f0738318708c0f4e87be0f977e80be4) Importer(815301076,1909f56bfc062723c751e8b465ee728b)  -> (artifact id: '6769be3eca65c6e34a6b7b34e6aacbdd') in 0.006347 seconds 
  Import took 0.008543 seconds .

========================================================================
Received Import Request.
  Time since last request: 0.000192 seconds.
  path: Assets/Big Enemy.prefab
  artifactKey: Guid(175d74ff5f85bd7439e05c31b5d9aff7) Importer(815301076,1909f56bfc062723c751e8b465ee728b)
Start importing Assets/Big Enemy.prefab using Guid(175d74ff5f85bd7439e05c31b5d9aff7) Importer(815301076,1909f56bfc062723c751e8b465ee728b)  -> (artifact id: 'e4b061e9dbbd98f6fb3b290c6d96b547') in 0.005883 seconds 
  Import took 0.007815 seconds .

========================================================================
Received Import Request.
  Time since last request: 0.000235 seconds.
  path: Assets/Nav Point.prefab
  artifactKey: Guid(c6c79c57c1b2fe0488eb3082748711d1) Importer(815301076,1909f56bfc062723c751e8b465ee728b)
Start importing Assets/Nav Point.prefab using Guid(c6c79c57c1b2fe0488eb3082748711d1) Importer(815301076,1909f56bfc062723c751e8b465ee728b)  -> (artifact id: '2aac3b976c0c1843cd684dc9b30e95d6') in 0.007786 seconds 
  Import took 0.009892 seconds .

========================================================================
Received Import Request.
  Time since last request: 0.000249 seconds.
  path: Assets/ExplosionMaterial.mat
  artifactKey: Guid(79a534a2feec9d24898a10754114941c) Importer(815301076,1909f56bfc062723c751e8b465ee728b)
Start importing Assets/ExplosionMaterial.mat using Guid(79a534a2feec9d24898a10754114941c) Importer(815301076,1909f56bfc062723c751e8b465ee728b)  -> (artifact id: 'e33c08c862ff535563dd6afa70dab282') in 0.006143 seconds 
  Import took 0.008121 seconds .

========================================================================
Received Import Request.
  Time since last request: 0.000275 seconds.
  path: Assets/alarm circle.png
  artifactKey: Guid(850d8111f23dd47418190f48157703c7) Importer(815301076,1909f56bfc062723c751e8b465ee728b)
Start importing Assets/alarm circle.png using Guid(850d8111f23dd47418190f48157703c7) Importer(815301076,1909f56bfc062723c751e8b465ee728b)  -> (artifact id: '98bb13cf39e8bf0ffe5fa8f696e666f1') in 0.008965 seconds 
  Import took 0.010764 seconds .

========================================================================
Received Import Request.
  Time since last request: 0.000231 seconds.
  path: Assets/Health Pickup.prefab
  artifactKey: Guid(b3ca734539c66a24497a925ae67ca7ed) Importer(815301076,1909f56bfc062723c751e8b465ee728b)
Start importing Assets/Health Pickup.prefab using Guid(b3ca734539c66a24497a925ae67ca7ed) Importer(815301076,1909f56bfc062723c751e8b465ee728b)  -> (artifact id: 'e82755814f5201629f0c6e1f3b82f12e') in 0.006892 seconds 
  Import took 0.009306 seconds .

========================================================================
Received Import Request.
  Time since last request: 0.000251 seconds.
  path: Assets/316835__lalks__alarm-01-long - modified.wav
  artifactKey: Guid(764f7b1fe53c5544999edab03a472829) Importer(815301076,1909f56bfc062723c751e8b465ee728b)
Start importing Assets/316835__lalks__alarm-01-long - modified.wav using Guid(764f7b1fe53c5544999edab03a472829) Importer(815301076,1909f56bfc062723c751e8b465ee728b)  -> (artifact id: 'bcd3a37fcd79a52de5cfbe98fecbfb35') in 0.007168 seconds 
  Import took 0.009550 seconds .

========================================================================
Received Import Request.
  Time since last request: 69.582635 seconds.
  path: Assets/Scenes/Startup/NavMesh.asset
  artifactKey: Guid(3a6a5f10adf89fe49bde3a13c0609a4e) Importer(815301076,1909f56bfc062723c751e8b465ee728b)
Start importing Assets/Scenes/Startup/NavMesh.asset using Guid(3a6a5f10adf89fe49bde3a13c0609a4e) Importer(815301076,1909f56bfc062723c751e8b465ee728b)  -> (artifact id: '0cd169e3e5ab1c6934012414f2a80d95') in 0.060561 seconds 
  Import took 0.071626 seconds .

========================================================================
Received Import Request.
  Time since last request: 5.868179 seconds.
  path: Assets/Scenes/Startup.unity
  artifactKey: Guid(64a8cc0a9bf5fd847ace02e3082d6090) Importer(815301076,1909f56bfc062723c751e8b465ee728b)
Start importing Assets/Scenes/Startup.unity using Guid(64a8cc0a9bf5fd847ace02e3082d6090) Importer(815301076,1909f56bfc062723c751e8b465ee728b)  -> (artifact id: 'afde704670d75bed3b6cc6f738413183') in 0.001358 seconds 
  Import took 0.003547 seconds .

========================================================================
Received Import Request.
  Time since last request: 17.370020 seconds.
  path: Assets/Scenes/Level 1.unity
  artifactKey: Guid(9fc0d4010bbf28b4594072e72b8655ab) Importer(815301076,1909f56bfc062723c751e8b465ee728b)
Start importing Assets/Scenes/Level 1.unity using Guid(9fc0d4010bbf28b4594072e72b8655ab) Importer(815301076,1909f56bfc062723c751e8b465ee728b)  -> (artifact id: '470e2d0e06575415b1b88a03fb32918d') in 0.001463 seconds 
  Import took 0.004149 seconds .

========================================================================
Received Import Request.
  Time since last request: 211.265871 seconds.
  path: Assets/Weapons/Bullet.prefab
  artifactKey: Guid(5e7e8b42512a1b849803fcc766d02980) Importer(815301076,1909f56bfc062723c751e8b465ee728b)
Start importing Assets/Weapons/Bullet.prefab using Guid(5e7e8b42512a1b849803fcc766d02980) Importer(815301076,1909f56bfc062723c751e8b465ee728b)  -> (artifact id: 'a20f5452de289a4a0c59135613a17c42') in 0.111690 seconds 
  Import took 0.118898 seconds .

========================================================================
Received Import Request.
  Time since last request: 0.000203 seconds.
  path: Assets/Weapons/Rail Uzi.prefab
  artifactKey: Guid(f48b76df524e69147930c2fea1acce6b) Importer(815301076,1909f56bfc062723c751e8b465ee728b)
Start importing Assets/Weapons/Rail Uzi.prefab using Guid(f48b76df524e69147930c2fea1acce6b) Importer(815301076,1909f56bfc062723c751e8b465ee728b)  -> (artifact id: 'ad68227101adee5afcdf217a2e63fde6') in 0.012994 seconds 
  Import took 0.015352 seconds .

========================================================================
Received Import Request.
  Time since last request: 0.000215 seconds.
  path: Assets/Enemies/Guard.prefab
  artifactKey: Guid(c59d3e95fd9fefb4fa792faa1f801dbf) Importer(815301076,1909f56bfc062723c751e8b465ee728b)
Start importing Assets/Enemies/Guard.prefab using Guid(c59d3e95fd9fefb4fa792faa1f801dbf) Importer(815301076,1909f56bfc062723c751e8b465ee728b)  -> (artifact id: '3bc4a4e3dd8cdb856d061aa9f1b81fc7') in 0.051202 seconds 
  Import took 0.053719 seconds .

========================================================================
Received Import Request.
  Time since last request: 0.000294 seconds.
  path: Assets/Level Chunks/Chunk - Middle.prefab
  artifactKey: Guid(af46c1cd3e60cfc4996fcae90779c29e) Importer(815301076,1909f56bfc062723c751e8b465ee728b)
Start importing Assets/Level Chunks/Chunk - Middle.prefab using Guid(af46c1cd3e60cfc4996fcae90779c29e) Importer(815301076,1909f56bfc062723c751e8b465ee728b)  -> (artifact id: '2ab32e38e08e33ed0d8e4650c11a1183') in 0.125378 seconds 
  Import took 0.127648 seconds .

========================================================================
Received Import Request.
  Time since last request: 0.000241 seconds.
  path: Assets/Weapons/Uzishot.prefab
  artifactKey: Guid(004221595a75dd54ead125a244ebe803) Importer(815301076,1909f56bfc062723c751e8b465ee728b)
Start importing Assets/Weapons/Uzishot.prefab using Guid(004221595a75dd54ead125a244ebe803) Importer(815301076,1909f56bfc062723c751e8b465ee728b)  -> (artifact id: '0d6d6613405206295fc06b9163a3ef6a') in 0.007819 seconds 
  Import took 0.009784 seconds .

========================================================================
Received Import Request.
  Time since last request: 0.000231 seconds.
  path: Assets/Weapons/Sniper.prefab
  artifactKey: Guid(24d6d74f4d04d1b4b9b16a80831d7b42) Importer(815301076,1909f56bfc062723c751e8b465ee728b)
Start importing Assets/Weapons/Sniper.prefab using Guid(24d6d74f4d04d1b4b9b16a80831d7b42) Importer(815301076,1909f56bfc062723c751e8b465ee728b)  -> (artifact id: 'b6147d310ac61e4c5e32f1069cf08de2') in 0.012790 seconds 
  Import took 0.014700 seconds .

========================================================================
Received Import Request.
  Time since last request: 0.000280 seconds.
  path: Assets/Enemies/Fast Swarmer Variant.prefab
  artifactKey: Guid(0a65d2bbca976c346b580351101128d6) Importer(815301076,1909f56bfc062723c751e8b465ee728b)
Start importing Assets/Enemies/Fast Swarmer Variant.prefab using Guid(0a65d2bbca976c346b580351101128d6) Importer(815301076,1909f56bfc062723c751e8b465ee728b)  -> (artifact id: '33b8aa8e252fbfb38d635b7ee8253986') in 0.013855 seconds 
  Import took 0.015867 seconds .

========================================================================
Received Import Request.
  Time since last request: 0.000238 seconds.
  path: Assets/Weapons/Uzi Variant.prefab
  artifactKey: Guid(e064057a5f8d1b64f99c03fd9be00c57) Importer(815301076,1909f56bfc062723c751e8b465ee728b)
Start importing Assets/Weapons/Uzi Variant.prefab using Guid(e064057a5f8d1b64f99c03fd9be00c57) Importer(815301076,1909f56bfc062723c751e8b465ee728b)  -> (artifact id: '41e688c4756ae6ce2951f095eb74b2b3') in 0.007502 seconds 
  Import took 0.009487 seconds .

========================================================================
Received Import Request.
  Time since last request: 0.000252 seconds.
  path: Assets/Level Chunks/Chunk - Middle Top.prefab
  artifactKey: Guid(7aba22b7eb3a4d346a0afc2ba6d94c88) Importer(815301076,1909f56bfc062723c751e8b465ee728b)
Start importing Assets/Level Chunks/Chunk - Middle Top.prefab using Guid(7aba22b7eb3a4d346a0afc2ba6d94c88) Importer(815301076,1909f56bfc062723c751e8b465ee728b)  -> (artifact id: 'd0888057bbd415462fbde31adabf3435') in 0.021849 seconds 
  Import took 0.024172 seconds .

========================================================================
Received Import Request.
  Time since last request: 0.000231 seconds.
  path: Assets/Weapons/Shotgun.prefab
  artifactKey: Guid(3e060bf93c4a7744e917196bd72f4716) Importer(815301076,1909f56bfc062723c751e8b465ee728b)
Start importing Assets/Weapons/Shotgun.prefab using Guid(3e060bf93c4a7744e917196bd72f4716) Importer(815301076,1909f56bfc062723c751e8b465ee728b)  -> (artifact id: '2ac7e72b63588750ab312db1b6b36402') in 0.007442 seconds 
  Import took 0.009333 seconds .

========================================================================
Received Import Request.
  Time since last request: 0.000227 seconds.
  path: Assets/Weapons/Weapon.prefab
  artifactKey: Guid(3bfc18c523e91b74797104fd121ea6fe) Importer(815301076,1909f56bfc062723c751e8b465ee728b)
Start importing Assets/Weapons/Weapon.prefab using Guid(3bfc18c523e91b74797104fd121ea6fe) Importer(815301076,1909f56bfc062723c751e8b465ee728b)  -> (artifact id: '40df69c2e0ef7add1455246788c37a03') in 0.009473 seconds 
  Import took 0.011692 seconds .

========================================================================
Received Import Request.
  Time since last request: 0.000272 seconds.
  path: Assets/Weapons/Railgun.prefab
  artifactKey: Guid(4cf3a63fbcff9534eb172e7d6f44cd1b) Importer(815301076,1909f56bfc062723c751e8b465ee728b)
Start importing Assets/Weapons/Railgun.prefab using Guid(4cf3a63fbcff9534eb172e7d6f44cd1b) Importer(815301076,1909f56bfc062723c751e8b465ee728b)  -> (artifact id: '3d5e9a25a28778f376b6294dae0ef997') in 0.009617 seconds 
  Import took 0.012006 seconds .

========================================================================
Received Import Request.
  Time since last request: 0.000225 seconds.
  path: Assets/Level Chunks/Chunk - Middle Low.prefab
  artifactKey: Guid(988931dc4df45e54690c509c62245ada) Importer(815301076,1909f56bfc062723c751e8b465ee728b)
Start importing Assets/Level Chunks/Chunk - Middle Low.prefab using Guid(988931dc4df45e54690c509c62245ada) Importer(815301076,1909f56bfc062723c751e8b465ee728b)  -> (artifact id: '146b054847ca417033e584f2ba9805a8') in 0.025930 seconds 
  Import took 0.028264 seconds .

========================================================================
Received Import Request.
  Time since last request: 0.000285 seconds.
  path: Assets/Weapons/Railgun Beam.prefab
  artifactKey: Guid(aea98f7aa5b04dc40a2e41ad651751c6) Importer(815301076,1909f56bfc062723c751e8b465ee728b)
Start importing Assets/Weapons/Railgun Beam.prefab using Guid(aea98f7aa5b04dc40a2e41ad651751c6) Importer(815301076,1909f56bfc062723c751e8b465ee728b)  -> (artifact id: '114e5a09218a18d450d9c1d870782ac0') in 0.096865 seconds 
  Import took 0.098923 seconds .

========================================================================
Received Import Request.
  Time since last request: 0.000237 seconds.
  path: Assets/Enemies/Swarmer.prefab
  artifactKey: Guid(3f641305089d246438a3784966368e1d) Importer(815301076,1909f56bfc062723c751e8b465ee728b)
Start importing Assets/Enemies/Swarmer.prefab using Guid(3f641305089d246438a3784966368e1d) Importer(815301076,1909f56bfc062723c751e8b465ee728b)  -> (artifact id: '24f3200a65bbffa6833891a957e198ff') in 0.008049 seconds 
  Import took 0.010044 seconds .

========================================================================
Received Import Request.
  Time since last request: 0.000211 seconds.
  path: Assets/Enemies/Tough Swarmer.prefab
  artifactKey: Guid(e93189278684d9c4d85e01981797e906) Importer(815301076,1909f56bfc062723c751e8b465ee728b)
Start importing Assets/Enemies/Tough Swarmer.prefab using Guid(e93189278684d9c4d85e01981797e906) Importer(815301076,1909f56bfc062723c751e8b465ee728b)  -> (artifact id: '7bb7d40138b95521e63ff0c1d1f1d115') in 0.023085 seconds 
  Import took 0.025117 seconds .

========================================================================
Received Import Request.
  Time since last request: 0.000255 seconds.
  path: Assets/Weapons/Pistol.prefab
  artifactKey: Guid(51d0c77df350bcb428395314b7849046) Importer(815301076,1909f56bfc062723c751e8b465ee728b)
Start importing Assets/Weapons/Pistol.prefab using Guid(51d0c77df350bcb428395314b7849046) Importer(815301076,1909f56bfc062723c751e8b465ee728b)  -> (artifact id: '4e2b4c2d63563533db37c70ade755d69') in 0.007366 seconds 
  Import took 0.009290 seconds .

========================================================================
Received Import Request.
  Time since last request: 0.000215 seconds.
  path: Assets/Level Chunks/Chunk.prefab
  artifactKey: Guid(69ee443093c0b8342bc8be5d88f254dd) Importer(815301076,1909f56bfc062723c751e8b465ee728b)
Start importing Assets/Level Chunks/Chunk.prefab using Guid(69ee443093c0b8342bc8be5d88f254dd) Importer(815301076,1909f56bfc062723c751e8b465ee728b)  -> (artifact id: 'b4daeb630f65ba8257cf0c191c747957') in 0.010202 seconds 
  Import took 0.012313 seconds .

========================================================================
Received Import Request.
  Time since last request: 0.000264 seconds.
  path: Assets/Level Chunks/Chunk - Empty.prefab
  artifactKey: Guid(7a96f7283aa001e40b56353ebbf204fe) Importer(815301076,1909f56bfc062723c751e8b465ee728b)
Start importing Assets/Level Chunks/Chunk - Empty.prefab using Guid(7a96f7283aa001e40b56353ebbf204fe) Importer(815301076,1909f56bfc062723c751e8b465ee728b)  -> (artifact id: '9b16018f5fad77246c3a671b25301bde') in 0.018061 seconds 
  Import took 0.020147 seconds .

========================================================================
Received Import Request.
  Time since last request: 0.000247 seconds.
  path: Assets/Weapons/Rail Shotgun.prefab
  artifactKey: Guid(620f29277d65fe040b9970b2e3f2fbac) Importer(815301076,1909f56bfc062723c751e8b465ee728b)
Start importing Assets/Weapons/Rail Shotgun.prefab using Guid(620f29277d65fe040b9970b2e3f2fbac) Importer(815301076,1909f56bfc062723c751e8b465ee728b)  -> (artifact id: 'fd67627d07f05cc549e458ed52b0f2d5') in 0.011010 seconds 
  Import took 0.013254 seconds .

========================================================================
Received Import Request.
  Time since last request: 2.859093 seconds.
  path: Assets/TextMesh Pro/Fonts/LiberationSans.ttf
  artifactKey: Guid(e3265ab4bf004d28a9537516768c1c75) Importer(815301076,1909f56bfc062723c751e8b465ee728b)
Start importing Assets/TextMesh Pro/Fonts/LiberationSans.ttf using Guid(e3265ab4bf004d28a9537516768c1c75) Importer(815301076,1909f56bfc062723c751e8b465ee728b)  -> (artifact id: 'a31d09850e079c4c77073532874e4c7b') in 1.031340 seconds 
  Import took 1.037643 seconds .

========================================================================
Received Import Request.
  Time since last request: 0.000243 seconds.
  path: Assets/TextMesh Pro/Resources/Fonts & Materials/LiberationSans SDF - Outline.mat
  artifactKey: Guid(79459efec17a4d00a321bdcc27bbc385) Importer(815301076,1909f56bfc062723c751e8b465ee728b)
Start importing Assets/TextMesh Pro/Resources/Fonts & Materials/LiberationSans SDF - Outline.mat using Guid(79459efec17a4d00a321bdcc27bbc385) Importer(815301076,1909f56bfc062723c751e8b465ee728b)  -> (artifact id: '289988fcecf3b00d1602f8d2b589f7dd') in 0.166149 seconds 
  Import took 0.168065 seconds .

========================================================================
Received Import Request.
  Time since last request: 0.000197 seconds.
  path: Assets/TextMesh Pro/Resources/Fonts & Materials/LiberationSans SDF - Fallback.asset
  artifactKey: Guid(2e498d1c8094910479dc3e1b768306a4) Importer(815301076,1909f56bfc062723c751e8b465ee728b)
Start importing Assets/TextMesh Pro/Resources/Fonts & Materials/LiberationSans SDF - Fallback.asset using Guid(2e498d1c8094910479dc3e1b768306a4) Importer(815301076,1909f56bfc062723c751e8b465ee728b)  -> (artifact id: 'b8c2210586957436df79bf961aeff06e') in 0.024174 seconds 
  Import took 0.026151 seconds .

========================================================================
Received Import Request.
  Time since last request: 0.000214 seconds.
  path: Assets/TextMesh Pro/Resources/Fonts & Materials/LiberationSans SDF - Drop Shadow.mat
  artifactKey: Guid(e73a58f6e2794ae7b1b7e50b7fb811b0) Importer(815301076,1909f56bfc062723c751e8b465ee728b)
Start importing Assets/TextMesh Pro/Resources/Fonts & Materials/LiberationSans SDF - Drop Shadow.mat using Guid(e73a58f6e2794ae7b1b7e50b7fb811b0) Importer(815301076,1909f56bfc062723c751e8b465ee728b)  -> (artifact id: 'ca0d2861f60500f05bd29199894f7bb5') in 0.118242 seconds 
  Import took 0.120079 seconds .

========================================================================
Received Import Request.
  Time since last request: 0.000236 seconds.
  path: Assets/TextMesh Pro/Resources/Fonts & Materials/LiberationSans SDF.asset
  artifactKey: Guid(8f586378b4e144a9851e7b34d9b748ee) Importer(815301076,1909f56bfc062723c751e8b465ee728b)
Start importing Assets/TextMesh Pro/Resources/Fonts & Materials/LiberationSans SDF.asset using Guid(8f586378b4e144a9851e7b34d9b748ee) Importer(815301076,1909f56bfc062723c751e8b465ee728b)  -> (artifact id: 'f1280cc7be10b532b2897fc8654f95d3') in 0.027966 seconds 
  Import took 0.030030 seconds .

========================================================================
Received Prepare
Registering precompiled user dll's ...
Registered in 0.070158 seconds.
Begin MonoManager ReloadAssembly
Native extension for OSXStandalone target not found
Refreshing native plugins compatible for Editor in 0.39 ms, found 2 plugins.
Preloading 0 native plugins for Editor in 0.00 ms.
2022-01-28 14:13:24.774 Unity[49264:5510032] NSEventModifierFlagFunction specified to -setKeyEquivalentModifierMask: for item <NSMenuItem: 0x6000022ab3a0 Font Asset, ke='Command-F12'>, but is only supported for system-provided menu items; will not be used
Mono: successfully reloaded assembly
- Completed reload, in  2.682 seconds
Domain Reload Profiling:
	ReloadAssembly (2685ms)
		BeginReloadAssembly (440ms)
			ExecutionOrderSort (0ms)
			DisableScriptedObjects (66ms)
			BackupInstance (0ms)
			ReleaseScriptingObjects (0ms)
			CreateAndSetChildDomain (218ms)
		EndReloadAssembly (2140ms)
			LoadAssemblies (226ms)
			RebuildTransferFunctionScriptingTraits (0ms)
			SetupTypeCache (362ms)
			ReleaseScriptCaches (1ms)
			RebuildScriptCaches (51ms)
			SetupLoadedEditorAssemblies (1201ms)
				LogAssemblyErrors (0ms)
				InitializePlatformSupportModulesInManaged (18ms)
				SetLoadedEditorAssemblies (2ms)
				RefreshPlugins (0ms)
				BeforeProcessingInitializeOnLoad (250ms)
				ProcessInitializeOnLoadAttributes (895ms)
				ProcessInitializeOnLoadMethodAttributes (34ms)
				AfterProcessingInitializeOnLoad (1ms)
				EditorAssembliesLoaded (1ms)
			ExecutionOrderSort2 (0ms)
			AwakeInstancesAfterBackupRestoration (38ms)
Platform modules already initialized, skipping
Refreshing native plugins compatible for Editor in 0.34 ms, found 2 plugins.
Preloading 0 native plugins for Editor in 0.00 ms.
Unloading 1527 Unused Serialized files (Serialized files now loaded: 0)
System memory in use before: 190.5 MB.
System memory in use after: 190.6 MB.

Unloading 16 unused Assets to reduce memory usage. Loaded Objects now: 2075.
Total: 2.368666 ms (FindLiveObjects: 0.112417 ms CreateObjectMapping: 0.032042 ms MarkObjects: 2.187333 ms  DeleteObjects: 0.035333 ms)

AssetImportParameters requested are different than current active one (requested -> active):
  custom:video-decoder-ogg-theora: a1e56fd34408186e4bbccfd4996cb3dc -> 
  custom:container-muxer-webm: aa71ff27fc2769a1b78a27578f13a17b -> 
  custom:container-demuxer-webm: 4f35f7cbe854078d1ac9338744f61a02 -> 
  custom:container-demuxer-ogg: 62fdf1f143b41e24485cea50d1cbac27 -> 
  custom:video-encoder-webm-vp8: eb34c28f22e8b96e1ab97ce403110664 -> 
  custom:framework-osx-AVFoundation: e770b220cccbd017edd2c1fefb359320 -> 
  custom:video-decoder-webm-vp8: 9c59270c3fd7afecdb556c50c9e8de78 -> 
  custom:audio-decoder-ogg-vorbis: bf7c407c2cedff20999df2af8eb42d56 -> 
  custom:audio-encoder-webm-vorbis: bf7c407c2cedff20999df2af8eb42d56 -> 
========================================================================
Received Import Request.
  Time since last request: 172.818394 seconds.
  path: Assets/EnemyMaterial.mat
  artifactKey: Guid(34a2ce92676f5fe4a92f313c92ae469c) Importer(815301076,1909f56bfc062723c751e8b465ee728b)
Start importing Assets/EnemyMaterial.mat using Guid(34a2ce92676f5fe4a92f313c92ae469c) Importer(815301076,1909f56bfc062723c751e8b465ee728b)  -> (artifact id: '677601d97e4c665bc05ff70711eb7dad') in 0.237990 seconds 
  Import took 0.240558 seconds .

========================================================================
Received Import Request.
  Time since last request: 0.000196 seconds.
  path: Assets/GroundMaterial.mat
  artifactKey: Guid(fb2756c14fbf71042a4feb36a811eeaa) Importer(815301076,1909f56bfc062723c751e8b465ee728b)
Start importing Assets/GroundMaterial.mat using Guid(fb2756c14fbf71042a4feb36a811eeaa) Importer(815301076,1909f56bfc062723c751e8b465ee728b)  -> (artifact id: '2fd8aff1427371371d0a0b4351af57fa') in 0.014142 seconds 
  Import took 0.016313 seconds .

